<?xml version="1.0" encoding="UTF-8"?>
<!-- Generated by org.testng.reporters.JUnitXMLReporter -->
<testsuite ignored="0" hostname="DESKTOP-9FCKI5I" failures="0" tests="1" name="Test" time="2.244" errors="0" timestamp="2023-03-13T12:20:35 IST">
  <testcase classname="Genericscripts.Base_class" name="@BeforeClass openbrowser" time="1.906">
    <failure type="java.lang.NullPointerException" message="Cannot invoke &amp;quot;com.aventstack.extentreports.ExtentTest.log(com.aventstack.extentreports.Status, String)&amp;quot; because &amp;quot;this.start&amp;quot; is null">
      <![CDATA[java.lang.NullPointerException: Cannot invoke "com.aventstack.extentreports.ExtentTest.log(com.aventstack.extentreports.Status, String)" because "this.start" is null
at Genericscripts.Base_class.openbrowser(Base_class.java:43)
at java.base/java.util.ArrayList.forEach(ArrayList.java:1511)
... Removed 25 stack frames]]>
    </failure>
  </testcase> <!-- @BeforeClass openbrowser -->
  <testcase classname="Genericscripts.Base_class" name="@BeforeMethod login" time="-1.678690235723E9">
    <skipped/>
  </testcase> <!-- @BeforeMethod login -->
  <testcase classname="Genericscripts.Base_class" name="@AfterMethod logout" time="-1.678690235745E9">
    <skipped/>
  </testcase> <!-- @AfterMethod logout -->
  <testcase classname="Genericscripts.Base_class" name="@AfterClass closeapp" time="-1.678690235748E9">
    <skipped/>
  </testcase> <!-- @AfterClass closeapp -->
  <testcase classname="Scripts.Scenarioscript" name="script" time="0.0">
    <skipped/>
  </testcase> <!-- script -->
</testsuite> <!-- Test -->
